<?xml version="1.0" encoding="UTF-8"?>
<testsuite xmlns:xsi="http://www.w3.org/2001/XMLSchema-instance" xsi:noNamespaceSchemaLocation="https://maven.apache.org/surefire/maven-surefire-plugin/xsd/surefire-test-report-3.0.xsd" version="3.0" name="com.arcraft.lootrefill.gui.ConfirmationLogicTest" time="0.045" tests="4" errors="0" skipped="0" failures="0">
  <properties>
[...]
</properties>
  <testcase name="testCancelPreventsConfirm" classname="com.arcraft.lootrefill.gui.ConfirmationLogicTest" time="0.004"/>
  <testcase name="testNullCallbacksSafety" classname="com.arcraft.lootrefill.gui.ConfirmationLogicTest" time="0.006"/>
  <testcase name="testConfirmExecutesOnlyOnce" classname="com.arcraft.lootrefill.gui.ConfirmationLogicTest" time="0.004"/>
  <testcase name="testCloseActsAsCancel" classname="com.arcraft.lootrefill.gui.ConfirmationLogicTest" time="0.004"/>
</testsuite>